seed,1248
cribbage.HumanPlayer,P0
cribbage.HumanPlayer,P1
deal,P0,[AD,4S,7H,9S,JC,JS]
deal,P1,[3H,6H,8H,9C,9D,QD]
discard,P0,[AD,4S]
discard,P1,[3H,QD]
starter,3S
play,P0,10,JS
play,P1,16,6H
play,P0,25,9S
score,P0,1,1,go
play,P1,9,9D
play,P0,16,7H
play,P1,24,8H
score,P1,3,3,run3,[7H,8H,9D]
score,P1,4,1,go
play,P0,10,JC
play,P1,19,9C
show,P0,3S+[7H,9S,JC,JS]
score,P0,3,2,pair2,[JC,JS]
score,P0,4,1,jack,[JS]
show,P1,3S+[6H,8H,9C,9D]
score,P1,6,2,fifteen,[6H,9C]
score,P1,8,2,fifteen,[6H,9D]
score,P1,10,2,pair2,[9C,9D]
show,P1,3S+[AD,3H,4S,QD]
score,P1,12,2,fifteen,[AD,4S,QD]
score,P1,14,2,pair2,[3H,3S]
